<?xml version="1.0" encoding="utf-8"?><testsuites name="pytest tests"><testsuite name="pytest" errors="0" failures="0" skipped="0" tests="11" time="2.428" timestamp="2026-08-28T08:03:18.993325+00:00" hostname="agent-env-52fefe4f-c856-453e-bfe8-dd196e503003"><testcase classname="tests.test_goals_class.TestGoals" name="test_goals_requires_auth" time="0.144" /><testcase classname="tests.test_goals_class.TestAdminStudents" name="test_no_token" time="0.124" /><testcase classname="tests.test_goals_class.TestAdminStudents" name="test_forbidden_for_regular_user" time="0.566" /><testcase classname="tests.test_goals_class.TestGoals" name="test_update_goals_and_persist" time="0.873" /><testcase classname="tests.test_goals_class.TestAdminStudents" name="test_admin_role" time="0.325" /><testcase classname="tests.test_goals_class.TestAdminStudents" name="test_admin_students_list" time="0.222" /><testcase classname="tests.test_goals_class.TestGoals" name="test_goals_validation_out_of_range" time="0.642" /><testcase classname="tests.test_goals_class.TestProgressWeekly" name="test_weekly_shape" time="0.090" /><testcase classname="tests.test_goals_class.TestProgressWeekly" name="test_defaults_for_new_user" time="0.440" /><testcase classname="tests.test_goals_class.TestGoals" name="test_goals_boundaries" time="0.400" /><testcase classname="tests.test_goals_class.TestProgressWeekly" name="test_progress_requires_auth" time="0.099" /></testsuite></testsuites>