<?xml version="1.0" encoding="utf-8"?><testsuites name="pytest tests"><testsuite name="pytest" errors="0" failures="0" skipped="0" tests="21" time="8.441" timestamp="2026-08-16T07:20:44.113575+00:00" hostname="agent-env-52fefe4f-c856-453e-bfe8-dd196e503003"><testcase classname="tests.backend_test.TestAuth" name="test_root" time="0.353" /><testcase classname="tests.backend_test.TestWritingFlow" name="test_writing_short_text_rejected" time="0.451" /><testcase classname="tests.backend_test.TestAuth" name="test_register_new_user" time="0.343" /><testcase classname="tests.backend_test.TestWritingFlow" name="test_writing_analyze" time="6.200" /><testcase classname="tests.backend_test.TestAuth" name="test_register_duplicate_rejected" time="0.132" /><testcase classname="tests.backend_test.TestAuth" name="test_login_demo" time="0.327" /><testcase classname="tests.backend_test.TestAuth" name="test_login_invalid" time="0.332" /><testcase classname="tests.backend_test.TestAuth" name="test_me_with_token" time="0.454" /><testcase classname="tests.backend_test.TestAuth" name="test_me_without_token" time="0.098" /><testcase classname="tests.backend_test.TestProtection" name="test_requires_auth[/sessions-GET]" time="0.110" /><testcase classname="tests.backend_test.TestProtection" name="test_requires_auth[/progress-GET]" time="0.100" /><testcase classname="tests.backend_test.TestProtection" name="test_requires_auth[/writing/analyze-POST]" time="0.105" /><testcase classname="tests.backend_test.TestWritingFlow" name="test_sessions_list" time="0.119" /><testcase classname="tests.backend_test.TestWritingFlow" name="test_sessions_filter_writing" time="0.106" /><testcase classname="tests.backend_test.TestWritingFlow" name="test_session_get_by_id" time="0.098" /><testcase classname="tests.backend_test.TestWritingFlow" name="test_progress" time="0.099" /><testcase classname="tests.backend_test.TestWritingFlow" name="test_session_has_saved_field" time="0.095" /><testcase classname="tests.backend_test.TestWritingFlow" name="test_toggle_save_requires_auth" time="0.097" /><testcase classname="tests.backend_test.TestWritingFlow" name="test_toggle_save_flow" time="0.308" /><testcase classname="tests.backend_test.TestWritingFlow" name="test_toggle_save_not_found" time="0.133" /><testcase classname="tests.backend_test.TestWritingFlow" name="test_session_delete" time="0.195" /></testsuite></testsuites>