<?xml version="1.0" encoding="utf-8"?><testsuites name="pytest tests"><testsuite name="pytest" errors="0" failures="0" skipped="0" tests="26" time="17.423" timestamp="2026-08-28T07:27:12.624706+00:00" hostname="agent-env-52fefe4f-c856-453e-bfe8-dd196e503003"><testcase classname="tests.backend_test.TestAuth" name="test_root" time="0.360" /><testcase classname="tests.backend_test.TestWritingFlow" name="test_writing_short_text_rejected" time="0.469" /><testcase classname="tests.backend_test.TestAuth" name="test_register_new_user" time="0.371" /><testcase classname="tests.backend_test.TestWritingFlow" name="test_writing_analyze" time="6.426" /><testcase classname="tests.backend_test.TestAuth" name="test_register_duplicate_rejected" time="0.190" /><testcase classname="tests.backend_test.TestAuth" name="test_login_demo" time="0.333" /><testcase classname="tests.backend_test.TestAuth" name="test_login_invalid" time="0.349" /><testcase classname="tests.backend_test.TestAuth" name="test_me_with_token" time="0.462" /><testcase classname="tests.backend_test.TestAuth" name="test_me_without_token" time="0.132" /><testcase classname="tests.test_handwriting.TestAnalyzeImage" name="test_requires_auth" time="0.473" /><testcase classname="tests.test_handwriting.TestAnalyzeImage" name="test_empty_image_400" time="0.115" /><testcase classname="tests.test_handwriting.TestAnalyzeImage" name="test_analyze_image_success_and_persistence" time="7.025" /><testcase classname="tests.backend_test.TestWritingFlow" name="test_sessions_list" time="0.130" /><testcase classname="tests.backend_test.TestWritingFlow" name="test_sessions_filter_writing" time="0.117" /><testcase classname="tests.backend_test.TestWritingFlow" name="test_session_get_by_id" time="0.123" /><testcase classname="tests.backend_test.TestWritingFlow" name="test_progress" time="0.168" /><testcase classname="tests.backend_test.TestWritingFlow" name="test_session_has_saved_field" time="0.144" /><testcase classname="tests.backend_test.TestWritingFlow" name="test_toggle_save_requires_auth" time="0.113" /><testcase classname="tests.backend_test.TestWritingFlow" name="test_toggle_save_flow" time="0.340" /><testcase classname="tests.backend_test.TestWritingFlow" name="test_toggle_save_not_found" time="0.135" /><testcase classname="tests.backend_test.TestWritingFlow" name="test_session_delete" time="0.252" /><testcase classname="tests.backend_test.TestProtection" name="test_requires_auth[/sessions-GET]" time="0.108" /><testcase classname="tests.backend_test.TestProtection" name="test_requires_auth[/progress-GET]" time="0.125" /><testcase classname="tests.backend_test.TestProtection" name="test_requires_auth[/writing/analyze-POST]" time="0.106" /><testcase classname="tests.test_handwriting.TestAnalyzeImage" name="test_jpeg_image_supported" time="6.906" /><testcase classname="tests.test_handwriting.TestAnalyzeImage" name="test_missing_image_field_422" time="0.365" /></testsuite></testsuites>